Arguments: 
  C:\Program Files\nodejs\node.exe C:\Users\sanch\AppData\Roaming\npm\node_modules\yarn\bin\yarn.js add react-scripts

PATH: 
  C:\Program Files (x86)\Common Files\Oracle\Java\javapath;C:\WINDOWS;C:\WINDOWS\System32\Wbem;C:\WINDOWS\System32\WindowsPowerShell\v1.0\;C:\WINDOWS\System32\OpenSSH\;C:\WINDOWS\system32;C:\Program Files\Java\jdk-13\bin;C:\Users\sanch\Java\jdk-13\bin;C:\Program Files (x86)\dotnet\;C:\Users\sanch\OneDrive\Desktop\buildr;C:\Program Files\Git\bin\git.exe;C:\Program Files\Git\bin\;C:\Program Files\Git\cmd\;C:\Users\sanch\PycharmProjects\Botathon4.0\ffmpeg\bin\;C:\Program Files\nodejs\;C:\Users\sanch\AppData\Local\Microsoft\WindowsApps;C:\Users\sanch\AppData\Local\Programs\Microsoft VS Code\bin;C:\Users\sanch\AppData\Local\Programs\Python\Python38-32;C:\Users\sanch\AppData\Local\Programs\Python\Python38-32\Scripts;C:\Users\sanch\AppData\Local\GitHubDesktop\bin;C:\Users\sanch\OneDrive\Desktop\buildr;C:\Users\sanch\AppData\Roaming\npm

Yarn version: 
  1.22.19

Node version: 
  16.15.0

Platform: 
  win32 x64

Trace: 
  Error: EPERM: operation not permitted, open 'C:\Users\sanch\SIH\frontend\node_modules\postcss-browser-comments\node_modules\.bin\browserslist.cmd'

npm manifest: 
  {
    "name": "@minimal/material-kit-react",
    "author": "minimals.cc",
    "licence": "MIT",
    "version": "1.5.0",
    "private": false,
    "scripts": {
      "start": "react-scripts start",
      "build": "react-scripts build",
      "test": "react-scripts test",
      "eject": "react-scripts eject",
      "lint": "eslint --ext .js,.jsx ./src",
      "lint:fix": "eslint --fix --ext .js,.jsx ./src",
      "clear-all": "rm -rf build node_modules",
      "re-start": "rm -rf build node_modules && yarn install && yarn start",
      "re-build": "rm -rf build node_modules && yarn install && yarn build"
    },
    "eslintConfig": {
      "extends": [
        "react-app",
        "react-app/jest"
      ]
    },
    "babel": {
      "presets": [
        "@babel/preset-react"
      ]
    },
    "browserslist": {
      "production": [
        ">0.2%",
        "not dead",
        "not op_mini all"
      ],
      "development": [
        "last 1 chrome version",
        "last 1 firefox version",
        "last 1 safari version"
      ]
    },
    "dependencies": {
      "@emotion/react": "^11.9.3",
      "@emotion/styled": "^11.9.3",
      "@faker-js/faker": "^7.3.0",
      "@hookform/resolvers": "^2.9.3",
      "@iconify/react": "^3.2.2",
      "@material-ui/core": "^4.12.4",
      "@mui/icons-material": "^5.8.4",
      "@mui/lab": "^5.0.0-alpha.88",
      "@mui/material": "^5.8.6",
      "@mui/styled-engine-sc": "^5.8.0",
      "@testing-library/jest-dom": "^5.16.4",
      "@testing-library/react": "^13.3.0",
      "@testing-library/user-event": "^13.5.0",
      "apexcharts": "^3.35.3",
      "axios": "^0.27.2",
      "change-case": "^4.1.2",
      "date-fns": "^2.28.0",
      "firebase": "^9.9.1",
      "history": "^5.3.0",
      "lodash": "^4.17.21",
      "mui-datatables": "^4.2.2",
      "node-sass": "^7.0.1",
      "prop-types": "^15.8.1",
      "react": "^18.2.0",
      "react-dom": "^18.2.0",
      "react-helmet-async": "^1.3.0",
      "react-hook-form": "^7.33.1",
      "react-router-dom": "^6.3.0",
      "react-scripts": "^5.0.1",
      "simplebar": "^5.3.8",
      "simplebar-react": "^2.4.1",
      "styled-components": "^5.3.5",
      "web-vitals": "^2.1.4"
    },
    "devDependencies": {
      "@babel/core": "^7.18.6",
      "@babel/eslint-parser": "^7.18.2",
      "@svgr/webpack": "^6.2.1",
      "eslint": "^8.19.0",
      "eslint-config-airbnb": "^19.0.4",
      "eslint-config-prettier": "^8.5.0",
      "eslint-config-react-app": "^7.0.1",
      "eslint-plugin-flowtype": "^8.0.3",
      "eslint-plugin-import": "^2.26.0",
      "eslint-plugin-jsx-a11y": "^6.6.0",
      "eslint-plugin-prettier": "^4.2.1",
      "eslint-plugin-react": "^7.30.1",
      "eslint-plugin-react-hooks": "^4.6.0",
      "prettier": "^2.7.1"
    },
    "overrides": {
      "@svgr/webpack": "^6.2.1"
    }
  }

yarn manifest: 
  No manifest

Lockfile: 
  No lockfile
